2018-03-22 19:46:34,283 [Worker-5] INFO  c.g.t.t.d.PublishedGradleVersions - Gradle version information cache is out-of-date. Trying to update.
2018-03-22 19:47:03,373 [Worker-5] INFO  c.g.t.t.d.PublishedGradleVersions - Updating Gradle version information cache failed. Using outdated cache.
2018-03-25 10:40:11,982 [Worker-0] INFO  c.g.t.t.d.PublishedGradleVersions - Gradle version information cache is out-of-date. Trying to update.
2018-03-25 11:24:24,814 [Worker-3] INFO  c.g.t.t.d.PublishedGradleVersions - Gradle version information cache is up-to-date. Trying to read.
2018-03-25 11:48:58,330 [Worker-3] INFO  c.g.t.t.d.PublishedGradleVersions - Gradle version information cache is up-to-date. Trying to read.
2018-03-25 11:54:26,227 [Worker-1] INFO  c.g.t.t.d.PublishedGradleVersions - Gradle version information cache is up-to-date. Trying to read.
2018-03-25 12:21:13,503 [Worker-0] INFO  c.g.t.t.d.PublishedGradleVersions - Gradle version information cache is up-to-date. Trying to read.
2018-03-25 17:36:15,791 [Worker-4] INFO  c.g.t.t.d.PublishedGradleVersions - Gradle version information cache is up-to-date. Trying to read.
2018-03-26 11:44:54,002 [Worker-4] INFO  c.g.t.t.d.PublishedGradleVersions - Gradle version information cache is out-of-date. Trying to update.
2018-03-26 16:43:07,927 [Worker-3] INFO  c.g.t.t.d.PublishedGradleVersions - Gradle version information cache is up-to-date. Trying to read.
2018-03-26 16:44:26,148 [Worker-32] WARN  o.e.m.c.i.markers.MarkerUtils - Could not find OSGI service for org.eclipse.m2e.core.internal.markers.IEditorMarkerService
2018-03-26 16:44:27,505 [Worker-32] INFO  o.e.m.c.i.l.LifecycleMappingFactory - Using org.eclipse.m2e.jdt.JarLifecycleMapping lifecycle mapping for MavenProject: com.example:demo:0.0.1-SNAPSHOT @ E:\github\java\demo\pom.xml.
2018-03-26 16:44:27,546 [Worker-32] WARN  o.e.m.c.i.markers.MarkerUtils - Could not find OSGI service for org.eclipse.m2e.core.internal.markers.IMarkerLocationService
2018-03-26 16:44:27,586 [Worker-32] WARN  o.e.m.c.i.markers.MarkerUtils - Could not find OSGI service for org.eclipse.m2e.core.internal.markers.IMarkerLocationService
2018-03-26 16:44:29,190 [Worker-32] INFO  o.e.m.j.i.AbstractJavaProjectConfigurator - Adding source folder /demo/src/main/java
2018-03-26 16:44:29,191 [Worker-32] INFO  o.e.m.j.i.AbstractJavaProjectConfigurator - Adding resource folder /demo/src/main/resources
2018-03-26 16:44:29,211 [Worker-32] INFO  o.e.m.j.i.AbstractJavaProjectConfigurator - Adding resource folder /demo/src/main/resources
2018-03-26 16:44:29,235 [Worker-32] INFO  o.e.m.j.i.AbstractJavaProjectConfigurator - Adding source folder /demo/src/test/java
2018-03-26 16:44:30,159 [Worker-32] INFO  o.e.m.c.i.p.ProjectConfigurationManager - Imported and configured 1 project(s) in 4 sec
2018-03-26 16:44:30,163 [Worker-32] INFO  o.e.m.c.i.p.ProjectConfigurationManager - Update started
2018-03-26 16:44:30,404 [Worker-32] WARN  o.e.m.c.i.markers.MarkerUtils - Could not find OSGI service for org.eclipse.m2e.core.internal.markers.IEditorMarkerService
2018-03-26 16:44:31,586 [Worker-32] INFO  o.e.m.c.i.l.LifecycleMappingFactory - Using org.eclipse.m2e.jdt.JarLifecycleMapping lifecycle mapping for MavenProject: com.example:demo:0.0.1-SNAPSHOT @ E:\github\java\demo\pom.xml.
2018-03-26 16:44:31,626 [Worker-32] WARN  o.e.m.c.i.markers.MarkerUtils - Could not find OSGI service for org.eclipse.m2e.core.internal.markers.IMarkerLocationService
2018-03-26 16:44:31,656 [Worker-32] WARN  o.e.m.c.i.markers.MarkerUtils - Could not find OSGI service for org.eclipse.m2e.core.internal.markers.IMarkerLocationService
2018-03-26 16:44:32,710 [Worker-32] INFO  o.e.m.j.i.AbstractJavaProjectConfigurator - Adding source folder /demo/src/main/java
2018-03-26 16:44:32,711 [Worker-32] INFO  o.e.m.j.i.AbstractJavaProjectConfigurator - Adding resource folder /demo/src/main/resources
2018-03-26 16:44:32,713 [Worker-32] INFO  o.e.m.j.i.AbstractJavaProjectConfigurator - Adding resource folder /demo/src/main/resources
2018-03-26 16:44:32,719 [Worker-32] INFO  o.e.m.j.i.AbstractJavaProjectConfigurator - Adding source folder /demo/src/test/java
2018-03-26 16:44:33,363 [Worker-32] INFO  o.e.m.c.i.p.ProjectConfigurationManager - Update completed: 3 sec
2018-03-26 16:49:05,142 [Start Help Server] INFO  org.eclipse.jetty.util.log - Logging initialized @402658ms to org.eclipse.jetty.util.log.Slf4jLog
2018-03-26 16:49:05,349 [Start Help Server] INFO  org.eclipse.jetty.server.Server - jetty-9.4.8.v20171121, build timestamp: 2017-11-22T05:27:37+08:00, git hash: 82b8fb23f757335bb3329d540ce37a2a2615f0a8
2018-03-26 16:49:05,386 [Start Help Server] INFO  org.eclipse.jetty.server.session - DefaultSessionIdManager workerName=node0
2018-03-26 16:49:05,386 [Start Help Server] INFO  org.eclipse.jetty.server.session - No SessionScavenger set, using defaults
2018-03-26 16:49:05,389 [Start Help Server] INFO  org.eclipse.jetty.server.session - Scavenging every 660000ms
2018-03-26 16:49:05,435 [Start Help Server] INFO  o.e.j.server.handler.ContextHandler - Started o.e.j.s.ServletContextHandler@43c0cd2b{/help,null,AVAILABLE}
2018-03-26 16:49:05,480 [Start Help Server] INFO  o.e.jetty.server.AbstractConnector - Started ServerConnector@352c04d9{HTTP/1.1,[http/1.1]}{127.0.0.1:51621}
2018-03-26 16:49:05,480 [Start Help Server] INFO  org.eclipse.jetty.server.Server - Started @402997ms
2018-03-26 16:50:46,685 [Stop Help Server] INFO  o.e.jetty.server.AbstractConnector - Stopped ServerConnector@352c04d9{HTTP/1.1,[http/1.1]}{127.0.0.1:0}
2018-03-26 16:50:46,686 [Stop Help Server] INFO  org.eclipse.jetty.server.session - Stopped scavenging
2018-03-26 16:50:46,711 [Stop Help Server] INFO  o.e.j.server.handler.ContextHandler - Stopped o.e.j.s.ServletContextHandler@43c0cd2b{/help,null,UNAVAILABLE}
2018-03-29 22:45:41,259 [Worker-2] INFO  c.g.t.t.d.PublishedGradleVersions - Gradle version information cache is out-of-date. Trying to update.
2018-03-30 10:22:28,392 [Worker-4] INFO  c.g.t.t.d.PublishedGradleVersions - Gradle version information cache is up-to-date. Trying to read.
2018-03-30 19:23:39,704 [Worker-5] INFO  c.g.t.t.d.PublishedGradleVersions - Gradle version information cache is up-to-date. Trying to read.
